<?xml version="1.0" encoding="utf-8" standalone="no"?>
<!--This file represents the results of running a test suite-->
<test-results name="D:\RamchandaniY\Git\EnvironmentVerification\Core.SpecFlow\bin\Debug\Core.SpecFlow.dll" total="1" errors="0" failures="0" not-run="0" inconclusive="0" ignored="0" skipped="0" invalid="0" date="2012-07-20" time="12:13:41">
  <environment nunit-version="2.6.0.12051" clr-version="2.0.50727.5456" os-version="Microsoft Windows NT 6.1.7601 Service Pack 1" platform="Win32NT" cwd="D:\RamchandaniY\Git\EnvironmentVerification\packages\NUnit.Runners.2.6.0.12051\tools" machine-name="PPF-DELL-200" user="RamchandaniY" user-domain="PPF-IT" />
  <culture-info current-culture="en-GB" current-uiculture="en-US" />
  <test-suite type="Assembly" name="D:\RamchandaniY\Git\EnvironmentVerification\Core.SpecFlow\bin\Debug\Core.SpecFlow.dll" executed="True" result="Success" success="True" time="0.868" asserts="0">
    <results>
      <test-suite type="Namespace" name="Core" executed="True" result="Success" success="True" time="0.851" asserts="0">
        <results>
          <test-suite type="Namespace" name="SpecFlow" executed="True" result="Success" success="True" time="0.851" asserts="0">
            <results>
              <test-suite type="TestFixture" name="ReadingFromFileFeature" description="Reading from File" executed="True" result="Success" success="True" time="0.850" asserts="0">
                <results>
                  <test-case name="Core.SpecFlow.ReadingFromFileFeature.GetValidationMessageForReadingAValidFile" description="Get validation message for reading a valid file" executed="True" result="Success" success="True" time="0.265" asserts="1" />
                </results>
              </test-suite>
            </results>
          </test-suite>
        </results>
      </test-suite>
    </results>
  </test-suite>
</test-results>